<?xml version="1.0" encoding="UTF-8"?>
<!-- Generated by org.testng.reporters.JUnitReportReporter -->
<testsuite skipped="0" hostname="Aditya-PC" name="com.practice.qa.testcases.TC4" tests="1" failures="0" timestamp="2022-02-08T12:05:22 CAT" time="14.688" errors="0">
  <testcase name="navigateAndSearch" time="14.688" classname="com.practice.qa.testcases.TC4"/>
  <system-out/>
</testsuite> <!-- com.practice.qa.testcases.TC4 -->
