<?xml version="1.0" encoding="UTF-8"?>
<!-- Generated by org.testng.reporters.JUnitReportReporter -->
<testsuite skipped="0" hostname="Aditya-PC" name="com.practice.qa.testcases.TC3" tests="1" failures="0" timestamp="2022-02-08T12:03:07 CAT" time="12.646" errors="0">
  <testcase name="navigateAndSearch" time="12.646" classname="com.practice.qa.testcases.TC3"/>
  <system-out/>
</testsuite> <!-- com.practice.qa.testcases.TC3 -->
