<?xml version="1.0" encoding="UTF-8"?>
<!-- Generated by org.testng.reporters.JUnitReportReporter -->
<testsuite skipped="0" hostname="Aditya-PC" name="com.practice.qa.testcases.TC5" tests="1" failures="0" timestamp="2022-02-08T16:36:31 CAT" time="38.325" errors="0">
  <testcase name="addtoCartAndVerifyTotal" time="38.325" classname="com.practice.qa.testcases.TC5"/>
  <system-out/>
</testsuite> <!-- com.practice.qa.testcases.TC5 -->
