<?xml version="1.0" encoding="UTF-8"?>
<!-- Generated by org.testng.reporters.JUnitReportReporter -->
<testsuite skipped="0" hostname="Aditya-PC" name="com.practice.qa.testcases.TC1" tests="1" failures="0" timestamp="2022-02-08T11:59:54 CAT" time="13.211" errors="0">
  <testcase name="navigateAndSearch" time="13.211" classname="com.practice.qa.testcases.TC1"/>
  <system-out/>
</testsuite> <!-- com.practice.qa.testcases.TC1 -->
