<?xml version="1.0" encoding="UTF-8"?>
<!-- Generated by org.testng.reporters.JUnitReportReporter -->
<testsuite skipped="0" hostname="Aditya-PC" name="com.practice.qa.testcases.TC6" tests="1" failures="0" timestamp="2022-02-08T17:39:42 CAT" time="27.374" errors="0">
  <testcase name="navigateAndSearch" time="27.374" classname="com.practice.qa.testcases.TC6"/>
  <system-out/>
</testsuite> <!-- com.practice.qa.testcases.TC6 -->
